2025/05/28 16:26:10 🚀 Запуск приложения
2025/05/28 16:26:10 🛠️ Путь к проекту: C:\Users\VallfIK\Documents\GitHub\bazaotdx
2025/05/28 16:26:10 🔍 Проверка директории images: C:\Users\VallfIK\Documents\GitHub\bazaotdx\images
2025/05/28 16:26:10 📄 Логи также записываются в файл: app.log
2025/05/28 16:26:10 ✅ Успешное подключение к БД
2025/05/28 16:45:32 🚀 Запуск приложения
2025/05/28 16:45:32 🛠️ Путь к проекту: C:\Users\VallfIK\Documents\GitHub\bazaotdx
2025/05/28 16:45:32 🔍 Проверка директории images: C:\Users\VallfIK\Documents\GitHub\bazaotdx\images
2025/05/28 16:45:32 ✅ Файл найден: C:\Users\VallfIK\Documents\GitHub\bazaotdx\images\free.png
2025/05/28 16:45:32 ✅ Файл найден: C:\Users\VallfIK\Documents\GitHub\bazaotdx\images\booked.png
2025/05/28 16:45:32 ✅ Файл найден: C:\Users\VallfIK\Documents\GitHub\bazaotdx\images\bought.png
2025/05/28 16:45:32 ✅ Файл найден: C:\Users\VallfIK\Documents\GitHub\bazaotdx\images\freefirst.png
2025/05/28 16:45:32 ✅ Файл найден: C:\Users\VallfIK\Documents\GitHub\bazaotdx\images\bookedfirst.png
2025/05/28 16:45:32 ✅ Файл найден: C:\Users\VallfIK\Documents\GitHub\bazaotdx\images\boughtfirst.png
2025/05/28 16:45:32 ✅ Файл найден: C:\Users\VallfIK\Documents\GitHub\bazaotdx\images\bookedlast.png
2025/05/28 16:45:32 ✅ Файл найден: C:\Users\VallfIK\Documents\GitHub\bazaotdx\images\boughtlast.png
2025/05/28 16:45:32 📄 Логи также записываются в файл: app.log
2025/05/28 16:45:32 ✅ Успешное подключение к БД
2025/05/28 16:53:20 🚀 Запуск приложения
2025/05/28 16:53:20 🛠️ Путь к проекту: C:\Users\VallfIK\Documents\GitHub\bazaotdx
2025/05/28 16:53:20 🔍 Проверка директории images: C:\Users\VallfIK\Documents\GitHub\bazaotdx\images
2025/05/28 16:53:20 ✅ Файл найден: C:\Users\VallfIK\Documents\GitHub\bazaotdx\images\free.png
2025/05/28 16:53:20 ✅ Файл найден: C:\Users\VallfIK\Documents\GitHub\bazaotdx\images\booked.png
2025/05/28 16:53:20 ✅ Файл найден: C:\Users\VallfIK\Documents\GitHub\bazaotdx\images\bought.png
2025/05/28 16:53:20 ✅ Файл найден: C:\Users\VallfIK\Documents\GitHub\bazaotdx\images\freefirst.png
2025/05/28 16:53:20 ✅ Файл найден: C:\Users\VallfIK\Documents\GitHub\bazaotdx\images\bookedfirst.png
2025/05/28 16:53:20 ✅ Файл найден: C:\Users\VallfIK\Documents\GitHub\bazaotdx\images\boughtfirst.png
2025/05/28 16:53:20 ✅ Файл найден: C:\Users\VallfIK\Documents\GitHub\bazaotdx\images\bookedlast.png
2025/05/28 16:53:20 ✅ Файл найден: C:\Users\VallfIK\Documents\GitHub\bazaotdx\images\boughtlast.png
2025/05/28 16:53:20 📄 Логи также записываются в файл: app.log
2025/05/28 16:53:21 ✅ Успешное подключение к БД
2025/05/28 16:54:55 🚀 Запуск приложения
2025/05/28 16:54:55 🛠️ Путь к проекту: C:\Users\VallfIK\Documents\GitHub\bazaotdx
2025/05/28 16:54:55 🔍 Проверка директории images: C:\Users\VallfIK\Documents\GitHub\bazaotdx\images
2025/05/28 16:54:55 ✅ Файл найден: C:\Users\VallfIK\Documents\GitHub\bazaotdx\images\free.png
2025/05/28 16:54:55 ✅ Файл найден: C:\Users\VallfIK\Documents\GitHub\bazaotdx\images\booked.png
2025/05/28 16:54:55 ✅ Файл найден: C:\Users\VallfIK\Documents\GitHub\bazaotdx\images\bought.png
2025/05/28 16:54:55 ✅ Файл найден: C:\Users\VallfIK\Documents\GitHub\bazaotdx\images\freefirst.png
2025/05/28 16:54:55 ✅ Файл найден: C:\Users\VallfIK\Documents\GitHub\bazaotdx\images\bookedfirst.png
2025/05/28 16:54:55 ✅ Файл найден: C:\Users\VallfIK\Documents\GitHub\bazaotdx\images\boughtfirst.png
2025/05/28 16:54:55 ✅ Файл найден: C:\Users\VallfIK\Documents\GitHub\bazaotdx\images\bookedlast.png
2025/05/28 16:54:55 ✅ Файл найден: C:\Users\VallfIK\Documents\GitHub\bazaotdx\images\boughtlast.png
2025/05/28 16:54:55 📄 Логи также записываются в файл: app.log
2025/05/28 16:54:55 ✅ Успешное подключение к БД
2025/05/28 19:48:50 🚀 Запуск приложения
2025/05/28 19:48:50 🛠️ Путь к проекту: C:\Users\VallfIK\Documents\GitHub\bazaotdx
2025/05/28 19:48:50 🔍 Проверка директории images: C:\Users\VallfIK\Documents\GitHub\bazaotdx\images
2025/05/28 19:48:50 ✅ Файл найден: C:\Users\VallfIK\Documents\GitHub\bazaotdx\images\free.png
2025/05/28 19:48:50 ✅ Файл найден: C:\Users\VallfIK\Documents\GitHub\bazaotdx\images\booked.png
2025/05/28 19:48:50 ✅ Файл найден: C:\Users\VallfIK\Documents\GitHub\bazaotdx\images\bought.png
2025/05/28 19:48:50 ✅ Файл найден: C:\Users\VallfIK\Documents\GitHub\bazaotdx\images\freefirst.png
2025/05/28 19:48:50 ✅ Файл найден: C:\Users\VallfIK\Documents\GitHub\bazaotdx\images\bookedfirst.png
2025/05/28 19:48:50 ✅ Файл найден: C:\Users\VallfIK\Documents\GitHub\bazaotdx\images\boughtfirst.png
2025/05/28 19:48:50 ✅ Файл найден: C:\Users\VallfIK\Documents\GitHub\bazaotdx\images\bookedlast.png
2025/05/28 19:48:50 ✅ Файл найден: C:\Users\VallfIK\Documents\GitHub\bazaotdx\images\boughtlast.png
2025/05/28 19:48:50 📄 Логи также записываются в файл: app.log
2025/05/28 19:48:50 ✅ Успешное подключение к БД
2025/05/28 19:50:45 🚀 Запуск приложения
2025/05/28 19:50:45 🛠️ Путь к проекту: C:\Users\VallfIK\Documents\GitHub\bazaotdx
2025/05/28 19:50:45 🔍 Проверка директории images: C:\Users\VallfIK\Documents\GitHub\bazaotdx\images
2025/05/28 19:50:45 ✅ Файл найден: C:\Users\VallfIK\Documents\GitHub\bazaotdx\images\free.png
2025/05/28 19:50:45 ✅ Файл найден: C:\Users\VallfIK\Documents\GitHub\bazaotdx\images\booked.png
2025/05/28 19:50:45 ✅ Файл найден: C:\Users\VallfIK\Documents\GitHub\bazaotdx\images\bought.png
2025/05/28 19:50:45 ✅ Файл найден: C:\Users\VallfIK\Documents\GitHub\bazaotdx\images\freefirst.png
2025/05/28 19:50:45 ✅ Файл найден: C:\Users\VallfIK\Documents\GitHub\bazaotdx\images\bookedfirst.png
2025/05/28 19:50:45 ✅ Файл найден: C:\Users\VallfIK\Documents\GitHub\bazaotdx\images\boughtfirst.png
2025/05/28 19:50:45 ✅ Файл найден: C:\Users\VallfIK\Documents\GitHub\bazaotdx\images\bookedlast.png
2025/05/28 19:50:45 ✅ Файл найден: C:\Users\VallfIK\Documents\GitHub\bazaotdx\images\boughtlast.png
2025/05/28 19:50:45 📄 Логи также записываются в файл: app.log
2025/05/28 19:50:45 ✅ Успешное подключение к БД
2025/05/28 20:59:35 🚀 Запуск приложения
2025/05/28 20:59:35 🛠️ Путь к проекту: C:\Users\VallfIK\Documents\GitHub\bazaotdx
2025/05/28 20:59:35 🔍 Проверка директории images: C:\Users\VallfIK\Documents\GitHub\bazaotdx\images
2025/05/28 20:59:35 ✅ Файл найден: C:\Users\VallfIK\Documents\GitHub\bazaotdx\images\free.png
2025/05/28 20:59:35 ✅ Файл найден: C:\Users\VallfIK\Documents\GitHub\bazaotdx\images\booked.png
2025/05/28 20:59:35 ✅ Файл найден: C:\Users\VallfIK\Documents\GitHub\bazaotdx\images\bought.png
2025/05/28 20:59:35 ✅ Файл найден: C:\Users\VallfIK\Documents\GitHub\bazaotdx\images\freefirst.png
2025/05/28 20:59:35 ✅ Файл найден: C:\Users\VallfIK\Documents\GitHub\bazaotdx\images\bookedfirst.png
2025/05/28 20:59:35 ✅ Файл найден: C:\Users\VallfIK\Documents\GitHub\bazaotdx\images\boughtfirst.png
2025/05/28 20:59:35 ✅ Файл найден: C:\Users\VallfIK\Documents\GitHub\bazaotdx\images\bookedlast.png
2025/05/28 20:59:35 ✅ Файл найден: C:\Users\VallfIK\Documents\GitHub\bazaotdx\images\boughtlast.png
2025/05/28 20:59:35 📄 Логи также записываются в файл: app.log
2025/05/28 20:59:35 ✅ Успешное подключение к БД
2025/05/28 21:00:34 🚀 Запуск приложения
2025/05/28 21:00:34 🛠️ Путь к проекту: C:\Users\VallfIK\Documents\GitHub\bazaotdx
2025/05/28 21:00:34 🔍 Проверка директории images: C:\Users\VallfIK\Documents\GitHub\bazaotdx\images
2025/05/28 21:00:34 ✅ Файл найден: C:\Users\VallfIK\Documents\GitHub\bazaotdx\images\free.png
2025/05/28 21:00:34 ✅ Файл найден: C:\Users\VallfIK\Documents\GitHub\bazaotdx\images\booked.png
2025/05/28 21:00:34 ✅ Файл найден: C:\Users\VallfIK\Documents\GitHub\bazaotdx\images\bought.png
2025/05/28 21:00:34 ✅ Файл найден: C:\Users\VallfIK\Documents\GitHub\bazaotdx\images\freefirst.png
2025/05/28 21:00:34 ✅ Файл найден: C:\Users\VallfIK\Documents\GitHub\bazaotdx\images\bookedfirst.png
2025/05/28 21:00:34 ✅ Файл найден: C:\Users\VallfIK\Documents\GitHub\bazaotdx\images\boughtfirst.png
2025/05/28 21:00:34 ✅ Файл найден: C:\Users\VallfIK\Documents\GitHub\bazaotdx\images\bookedlast.png
2025/05/28 21:00:34 ✅ Файл найден: C:\Users\VallfIK\Documents\GitHub\bazaotdx\images\boughtlast.png
2025/05/28 21:00:34 📄 Логи также записываются в файл: app.log
2025/05/28 21:00:34 ✅ Успешное подключение к БД
2025/05/28 21:01:33 🚀 Запуск приложения
2025/05/28 21:01:33 🛠️ Путь к проекту: C:\Users\VallfIK\Documents\GitHub\bazaotdx
2025/05/28 21:01:33 🔍 Проверка директории images: C:\Users\VallfIK\Documents\GitHub\bazaotdx\images
2025/05/28 21:01:33 ✅ Файл найден: C:\Users\VallfIK\Documents\GitHub\bazaotdx\images\free.png
2025/05/28 21:01:33 ✅ Файл найден: C:\Users\VallfIK\Documents\GitHub\bazaotdx\images\booked.png
2025/05/28 21:01:33 ✅ Файл найден: C:\Users\VallfIK\Documents\GitHub\bazaotdx\images\bought.png
2025/05/28 21:01:33 ✅ Файл найден: C:\Users\VallfIK\Documents\GitHub\bazaotdx\images\freefirst.png
2025/05/28 21:01:33 ✅ Файл найден: C:\Users\VallfIK\Documents\GitHub\bazaotdx\images\bookedfirst.png
2025/05/28 21:01:33 ✅ Файл найден: C:\Users\VallfIK\Documents\GitHub\bazaotdx\images\boughtfirst.png
2025/05/28 21:01:33 ✅ Файл найден: C:\Users\VallfIK\Documents\GitHub\bazaotdx\images\bookedlast.png
2025/05/28 21:01:33 ✅ Файл найден: C:\Users\VallfIK\Documents\GitHub\bazaotdx\images\boughtlast.png
2025/05/28 21:01:33 📄 Логи также записываются в файл: app.log
2025/05/28 21:01:33 ✅ Успешное подключение к БД
2025/05/28 21:05:05 🚀 Запуск приложения
2025/05/28 21:05:05 🛠️ Путь к проекту: C:\Users\VallfIK\Documents\GitHub\bazaotdx
2025/05/28 21:05:05 🔍 Проверка директории images: C:\Users\VallfIK\Documents\GitHub\bazaotdx\images
2025/05/28 21:05:05 ✅ Файл найден: C:\Users\VallfIK\Documents\GitHub\bazaotdx\images\free.png
2025/05/28 21:05:05 ✅ Файл найден: C:\Users\VallfIK\Documents\GitHub\bazaotdx\images\booked.png
2025/05/28 21:05:05 ✅ Файл найден: C:\Users\VallfIK\Documents\GitHub\bazaotdx\images\bought.png
2025/05/28 21:05:05 ✅ Файл найден: C:\Users\VallfIK\Documents\GitHub\bazaotdx\images\freefirst.png
2025/05/28 21:05:05 ✅ Файл найден: C:\Users\VallfIK\Documents\GitHub\bazaotdx\images\bookedfirst.png
2025/05/28 21:05:05 ✅ Файл найден: C:\Users\VallfIK\Documents\GitHub\bazaotdx\images\boughtfirst.png
2025/05/28 21:05:05 ✅ Файл найден: C:\Users\VallfIK\Documents\GitHub\bazaotdx\images\bookedlast.png
2025/05/28 21:05:05 ✅ Файл найден: C:\Users\VallfIK\Documents\GitHub\bazaotdx\images\boughtlast.png
2025/05/28 21:05:05 📄 Логи также записываются в файл: app.log
2025/05/28 21:05:05 ✅ Успешное подключение к БД
2025/05/28 21:07:40 🚀 Запуск приложения
2025/05/28 21:07:40 🛠️ Путь к проекту: C:\Users\VallfIK\Documents\GitHub\bazaotdx
2025/05/28 21:07:40 🔍 Проверка директории images: C:\Users\VallfIK\Documents\GitHub\bazaotdx\images
2025/05/28 21:07:40 ✅ Файл найден: C:\Users\VallfIK\Documents\GitHub\bazaotdx\images\free.png
2025/05/28 21:07:40 ✅ Файл найден: C:\Users\VallfIK\Documents\GitHub\bazaotdx\images\booked.png
2025/05/28 21:07:40 ✅ Файл найден: C:\Users\VallfIK\Documents\GitHub\bazaotdx\images\bought.png
2025/05/28 21:07:40 ✅ Файл найден: C:\Users\VallfIK\Documents\GitHub\bazaotdx\images\freefirst.png
2025/05/28 21:07:40 ✅ Файл найден: C:\Users\VallfIK\Documents\GitHub\bazaotdx\images\bookedfirst.png
2025/05/28 21:07:40 ✅ Файл найден: C:\Users\VallfIK\Documents\GitHub\bazaotdx\images\boughtfirst.png
2025/05/28 21:07:40 ✅ Файл найден: C:\Users\VallfIK\Documents\GitHub\bazaotdx\images\bookedlast.png
2025/05/28 21:07:40 ✅ Файл найден: C:\Users\VallfIK\Documents\GitHub\bazaotdx\images\boughtlast.png
2025/05/28 21:07:40 📄 Логи также записываются в файл: app.log
2025/05/28 21:07:40 ✅ Успешное подключение к БД
2025/05/29 00:09:55 🚀 Запуск приложения
2025/05/29 00:09:55 🛠️ Путь к проекту: C:\Users\VallfIK\Documents\GitHub\bazaotdx
2025/05/29 00:09:55 🔍 Проверка директории images: C:\Users\VallfIK\Documents\GitHub\bazaotdx\images
2025/05/29 00:09:55 ✅ Файл найден: C:\Users\VallfIK\Documents\GitHub\bazaotdx\images\free.png
2025/05/29 00:09:55 ✅ Файл найден: C:\Users\VallfIK\Documents\GitHub\bazaotdx\images\booked.png
2025/05/29 00:09:55 ✅ Файл найден: C:\Users\VallfIK\Documents\GitHub\bazaotdx\images\bought.png
2025/05/29 00:09:55 ✅ Файл найден: C:\Users\VallfIK\Documents\GitHub\bazaotdx\images\freefirst.png
2025/05/29 00:09:55 ✅ Файл найден: C:\Users\VallfIK\Documents\GitHub\bazaotdx\images\bookedfirst.png
2025/05/29 00:09:55 ✅ Файл найден: C:\Users\VallfIK\Documents\GitHub\bazaotdx\images\boughtfirst.png
2025/05/29 00:09:55 ✅ Файл найден: C:\Users\VallfIK\Documents\GitHub\bazaotdx\images\bookedlast.png
2025/05/29 00:09:55 ✅ Файл найден: C:\Users\VallfIK\Documents\GitHub\bazaotdx\images\boughtlast.png
2025/05/29 00:09:55 📄 Логи также записываются в файл: app.log
2025/05/29 00:09:55 ✅ Успешное подключение к БД
2025/05/29 00:16:39 🚀 Запуск приложения
2025/05/29 00:16:39 🛠️ Путь к проекту: C:\Users\VallfIK\Documents\GitHub\bazaotdx
2025/05/29 00:16:39 🔍 Проверка директории images: C:\Users\VallfIK\Documents\GitHub\bazaotdx\images
2025/05/29 00:16:39 ✅ Файл найден: C:\Users\VallfIK\Documents\GitHub\bazaotdx\images\free.png
2025/05/29 00:16:39 ✅ Файл найден: C:\Users\VallfIK\Documents\GitHub\bazaotdx\images\booked.png
2025/05/29 00:16:39 ✅ Файл найден: C:\Users\VallfIK\Documents\GitHub\bazaotdx\images\bought.png
2025/05/29 00:16:39 ✅ Файл найден: C:\Users\VallfIK\Documents\GitHub\bazaotdx\images\freefirst.png
2025/05/29 00:16:39 ✅ Файл найден: C:\Users\VallfIK\Documents\GitHub\bazaotdx\images\bookedfirst.png
2025/05/29 00:16:39 ✅ Файл найден: C:\Users\VallfIK\Documents\GitHub\bazaotdx\images\boughtfirst.png
2025/05/29 00:16:39 ✅ Файл найден: C:\Users\VallfIK\Documents\GitHub\bazaotdx\images\bookedlast.png
2025/05/29 00:16:39 ✅ Файл найден: C:\Users\VallfIK\Documents\GitHub\bazaotdx\images\boughtlast.png
2025/05/29 00:16:39 📄 Логи также записываются в файл: app.log
2025/05/29 00:16:39 ✅ Успешное подключение к БД
2025/05/29 00:19:40 🚀 Запуск приложения
2025/05/29 00:19:40 🛠️ Путь к проекту: C:\Users\VallfIK\Documents\GitHub\bazaotdx
2025/05/29 00:19:40 🔍 Проверка директории images: C:\Users\VallfIK\Documents\GitHub\bazaotdx\images
2025/05/29 00:19:40 ✅ Файл найден: C:\Users\VallfIK\Documents\GitHub\bazaotdx\images\free.png
2025/05/29 00:19:40 ✅ Файл найден: C:\Users\VallfIK\Documents\GitHub\bazaotdx\images\booked.png
2025/05/29 00:19:40 ✅ Файл найден: C:\Users\VallfIK\Documents\GitHub\bazaotdx\images\bought.png
2025/05/29 00:19:40 ✅ Файл найден: C:\Users\VallfIK\Documents\GitHub\bazaotdx\images\freefirst.png
2025/05/29 00:19:40 ✅ Файл найден: C:\Users\VallfIK\Documents\GitHub\bazaotdx\images\bookedfirst.png
2025/05/29 00:19:40 ✅ Файл найден: C:\Users\VallfIK\Documents\GitHub\bazaotdx\images\boughtfirst.png
2025/05/29 00:19:40 ✅ Файл найден: C:\Users\VallfIK\Documents\GitHub\bazaotdx\images\bookedlast.png
2025/05/29 00:19:40 ✅ Файл найден: C:\Users\VallfIK\Documents\GitHub\bazaotdx\images\boughtlast.png
2025/05/29 00:19:40 📄 Логи также записываются в файл: app.log
2025/05/29 00:19:40 ✅ Успешное подключение к БД
2025/05/29 00:24:28 🚀 Запуск приложения
2025/05/29 00:24:28 🛠️ Путь к проекту: C:\Users\VallfIK\Documents\GitHub\bazaotdx
2025/05/29 00:24:28 🔍 Проверка директории images: C:\Users\VallfIK\Documents\GitHub\bazaotdx\images
2025/05/29 00:24:28 ✅ Файл найден: C:\Users\VallfIK\Documents\GitHub\bazaotdx\images\free.png
2025/05/29 00:24:28 ✅ Файл найден: C:\Users\VallfIK\Documents\GitHub\bazaotdx\images\booked.png
2025/05/29 00:24:28 ✅ Файл найден: C:\Users\VallfIK\Documents\GitHub\bazaotdx\images\bought.png
2025/05/29 00:24:28 ✅ Файл найден: C:\Users\VallfIK\Documents\GitHub\bazaotdx\images\freefirst.png
2025/05/29 00:24:28 ✅ Файл найден: C:\Users\VallfIK\Documents\GitHub\bazaotdx\images\bookedfirst.png
2025/05/29 00:24:28 ✅ Файл найден: C:\Users\VallfIK\Documents\GitHub\bazaotdx\images\boughtfirst.png
2025/05/29 00:24:28 ✅ Файл найден: C:\Users\VallfIK\Documents\GitHub\bazaotdx\images\bookedlast.png
2025/05/29 00:24:28 ✅ Файл найден: C:\Users\VallfIK\Documents\GitHub\bazaotdx\images\boughtlast.png
2025/05/29 00:24:28 📄 Логи также записываются в файл: app.log
2025/05/29 00:24:28 ✅ Успешное подключение к БД
2025/05/29 09:13:48 🚀 Запуск приложения
2025/05/29 09:13:48 🛠️ Путь к проекту: C:\Users\VallfIK\Documents\GitHub\bazaotdx
2025/05/29 09:13:48 🔍 Проверка директории images: C:\Users\VallfIK\Documents\GitHub\bazaotdx\images
2025/05/29 09:13:48 ✅ Файл найден: C:\Users\VallfIK\Documents\GitHub\bazaotdx\images\free.png
2025/05/29 09:13:48 ✅ Файл найден: C:\Users\VallfIK\Documents\GitHub\bazaotdx\images\booked.png
2025/05/29 09:13:48 ✅ Файл найден: C:\Users\VallfIK\Documents\GitHub\bazaotdx\images\bought.png
2025/05/29 09:13:48 ✅ Файл найден: C:\Users\VallfIK\Documents\GitHub\bazaotdx\images\freefirst.png
2025/05/29 09:13:48 ✅ Файл найден: C:\Users\VallfIK\Documents\GitHub\bazaotdx\images\bookedfirst.png
2025/05/29 09:13:48 ✅ Файл найден: C:\Users\VallfIK\Documents\GitHub\bazaotdx\images\boughtfirst.png
2025/05/29 09:13:48 ✅ Файл найден: C:\Users\VallfIK\Documents\GitHub\bazaotdx\images\bookedlast.png
2025/05/29 09:13:48 ✅ Файл найден: C:\Users\VallfIK\Documents\GitHub\bazaotdx\images\boughtlast.png
2025/05/29 09:13:48 📄 Логи также записываются в файл: app.log
2025/05/29 09:13:48 ✅ Успешное подключение к БД
2025/05/29 09:16:25 🚀 Запуск приложения
2025/05/29 09:16:25 🛠️ Путь к проекту: C:\Users\VallfIK\Documents\GitHub\bazaotdx
2025/05/29 09:16:25 🔍 Проверка директории images: C:\Users\VallfIK\Documents\GitHub\bazaotdx\images
2025/05/29 09:16:25 ✅ Файл найден: C:\Users\VallfIK\Documents\GitHub\bazaotdx\images\free.png
2025/05/29 09:16:25 ✅ Файл найден: C:\Users\VallfIK\Documents\GitHub\bazaotdx\images\booked.png
2025/05/29 09:16:25 ✅ Файл найден: C:\Users\VallfIK\Documents\GitHub\bazaotdx\images\bought.png
2025/05/29 09:16:25 ✅ Файл найден: C:\Users\VallfIK\Documents\GitHub\bazaotdx\images\freefirst.png
2025/05/29 09:16:25 ✅ Файл найден: C:\Users\VallfIK\Documents\GitHub\bazaotdx\images\bookedfirst.png
2025/05/29 09:16:25 ✅ Файл найден: C:\Users\VallfIK\Documents\GitHub\bazaotdx\images\boughtfirst.png
2025/05/29 09:16:25 ✅ Файл найден: C:\Users\VallfIK\Documents\GitHub\bazaotdx\images\bookedlast.png
2025/05/29 09:16:25 ✅ Файл найден: C:\Users\VallfIK\Documents\GitHub\bazaotdx\images\boughtlast.png
2025/05/29 09:16:25 📄 Логи также записываются в файл: app.log
2025/05/29 09:16:25 ✅ Успешное подключение к БД
2025/05/29 09:43:42 🚀 Запуск приложения с новой темой
2025/05/29 09:44:02 🚀 Запуск приложения с новой темой
2025/05/29 09:44:25 🚀 Запуск приложения с новой темой
2025/05/29 09:45:27 🚀 Запуск приложения
2025/05/29 09:45:27 🛠️ Путь к проекту: C:\Users\VallfIK\Documents\GitHub\bazaotdx
2025/05/29 09:45:27 🔍 Проверка директории images: C:\Users\VallfIK\Documents\GitHub\bazaotdx\images
2025/05/29 09:45:27 ✅ Файл найден: C:\Users\VallfIK\Documents\GitHub\bazaotdx\images\free.png
2025/05/29 09:45:27 ✅ Файл найден: C:\Users\VallfIK\Documents\GitHub\bazaotdx\images\booked.png
2025/05/29 09:45:27 ✅ Файл найден: C:\Users\VallfIK\Documents\GitHub\bazaotdx\images\bought.png
2025/05/29 09:45:27 ✅ Файл найден: C:\Users\VallfIK\Documents\GitHub\bazaotdx\images\freefirst.png
2025/05/29 09:45:27 ✅ Файл найден: C:\Users\VallfIK\Documents\GitHub\bazaotdx\images\bookedfirst.png
2025/05/29 09:45:27 ✅ Файл найден: C:\Users\VallfIK\Documents\GitHub\bazaotdx\images\boughtfirst.png
2025/05/29 09:45:27 ✅ Файл найден: C:\Users\VallfIK\Documents\GitHub\bazaotdx\images\bookedlast.png
2025/05/29 09:45:27 ✅ Файл найден: C:\Users\VallfIK\Documents\GitHub\bazaotdx\images\boughtlast.png
2025/05/29 09:45:27 📄 Логи также записываются в файл: app.log
2025/05/29 09:45:27 ✅ Успешное подключение к БД
2025/05/29 13:16:46 🚀 Запуск приложения Лесной Базы Отдыха
2025/05/29 13:16:46 🛠️ Версия: 2.0 (Стилизованная)
2025/05/29 13:16:46 🎨 Тема: Лесная (зеленые оттенки, молочный, коричневый)
2025/05/29 13:16:46 🔍 Проверка директории images: C:\Users\VallfIK\Documents\GitHub\bazaotdx\images
2025/05/29 13:16:46 ✅ Файл найден: C:\Users\VallfIK\Documents\GitHub\bazaotdx\images\free.png
2025/05/29 13:16:46 ✅ Файл найден: C:\Users\VallfIK\Documents\GitHub\bazaotdx\images\booked.png
2025/05/29 13:16:46 ✅ Файл найден: C:\Users\VallfIK\Documents\GitHub\bazaotdx\images\bought.png
2025/05/29 13:16:46 ✅ Файл найден: C:\Users\VallfIK\Documents\GitHub\bazaotdx\images\freefirst.png
2025/05/29 13:16:46 ✅ Файл найден: C:\Users\VallfIK\Documents\GitHub\bazaotdx\images\bookedfirst.png
2025/05/29 13:16:46 ✅ Файл найден: C:\Users\VallfIK\Documents\GitHub\bazaotdx\images\boughtfirst.png
2025/05/29 13:16:46 ✅ Файл найден: C:\Users\VallfIK\Documents\GitHub\bazaotdx\images\bookedlast.png
2025/05/29 13:16:46 ✅ Файл найден: C:\Users\VallfIK\Documents\GitHub\bazaotdx\images\boughtlast.png
2025/05/29 13:16:46 ✅ Успешное подключение к БД
2025/05/29 13:18:14 🚀 Запуск приложения Лесной Базы Отдыха
2025/05/29 13:18:14 🛠️ Версия: 2.0 (Стилизованная)
2025/05/29 13:18:14 🎨 Тема: Лесная (зеленые оттенки, молочный, коричневый)
2025/05/29 13:18:14 🔍 Проверка директории images: C:\Users\VallfIK\Documents\GitHub\bazaotdx\images
2025/05/29 13:18:14 ✅ Файл найден: C:\Users\VallfIK\Documents\GitHub\bazaotdx\images\free.png
2025/05/29 13:18:14 ✅ Файл найден: C:\Users\VallfIK\Documents\GitHub\bazaotdx\images\booked.png
2025/05/29 13:18:14 ✅ Файл найден: C:\Users\VallfIK\Documents\GitHub\bazaotdx\images\bought.png
2025/05/29 13:18:14 ✅ Файл найден: C:\Users\VallfIK\Documents\GitHub\bazaotdx\images\freefirst.png
2025/05/29 13:18:14 ✅ Файл найден: C:\Users\VallfIK\Documents\GitHub\bazaotdx\images\bookedfirst.png
2025/05/29 13:18:14 ✅ Файл найден: C:\Users\VallfIK\Documents\GitHub\bazaotdx\images\boughtfirst.png
2025/05/29 13:18:14 ✅ Файл найден: C:\Users\VallfIK\Documents\GitHub\bazaotdx\images\bookedlast.png
2025/05/29 13:18:14 ✅ Файл найден: C:\Users\VallfIK\Documents\GitHub\bazaotdx\images\boughtlast.png
2025/05/29 13:18:14 ✅ Успешное подключение к БД
2025/05/29 13:18:14 🌲 Запуск стилизованного интерфейса...
2025/05/29 13:18:14 🔄 Запуск фоновых задач...
2025/05/29 13:18:15 *** Error in Fyne call thread, this should have been called in fyne.Do[AndWait] ***
2025/05/29 13:18:15   From: C:/Users/VallfIK/Documents/GitHub/bazaotdx/internal/app/app.go:172
2025/05/29 13:18:16 *** Error in Fyne call thread, this should have been called in fyne.Do[AndWait] ***
2025/05/29 13:18:16   From: C:/Users/VallfIK/Documents/GitHub/bazaotdx/internal/app/app.go:172
2025/05/29 13:18:17 *** Error in Fyne call thread, this should have been called in fyne.Do[AndWait] ***
2025/05/29 13:18:17   From: C:/Users/VallfIK/Documents/GitHub/bazaotdx/internal/app/app.go:172
2025/05/29 13:18:18 *** Error in Fyne call thread, this should have been called in fyne.Do[AndWait] ***
2025/05/29 13:18:18   From: C:/Users/VallfIK/Documents/GitHub/bazaotdx/internal/app/app.go:172
2025/05/29 13:18:19 *** Error in Fyne call thread, this should have been called in fyne.Do[AndWait] ***
2025/05/29 13:18:19   From: C:/Users/VallfIK/Documents/GitHub/bazaotdx/internal/app/app.go:172
2025/05/29 13:18:20 *** Error in Fyne call thread, this should have been called in fyne.Do[AndWait] ***
2025/05/29 13:18:20   From: C:/Users/VallfIK/Documents/GitHub/bazaotdx/internal/app/app.go:172
2025/05/29 13:18:21 *** Error in Fyne call thread, this should have been called in fyne.Do[AndWait] ***
2025/05/29 13:18:21   From: C:/Users/VallfIK/Documents/GitHub/bazaotdx/internal/app/app.go:172
2025/05/29 13:18:22 *** Error in Fyne call thread, this should have been called in fyne.Do[AndWait] ***
2025/05/29 13:18:22   From: C:/Users/VallfIK/Documents/GitHub/bazaotdx/internal/app/app.go:172
2025/05/29 13:18:23 *** Error in Fyne call thread, this should have been called in fyne.Do[AndWait] ***
2025/05/29 13:18:23   From: C:/Users/VallfIK/Documents/GitHub/bazaotdx/internal/app/app.go:172
2025/05/29 13:18:24 *** Error in Fyne call thread, this should have been called in fyne.Do[AndWait] ***
2025/05/29 13:18:24   From: C:/Users/VallfIK/Documents/GitHub/bazaotdx/internal/app/app.go:172
2025/05/29 13:18:25 *** Error in Fyne call thread, this should have been called in fyne.Do[AndWait] ***
2025/05/29 13:18:25   From: C:/Users/VallfIK/Documents/GitHub/bazaotdx/internal/app/app.go:172
2025/05/29 13:18:26 *** Error in Fyne call thread, this should have been called in fyne.Do[AndWait] ***
2025/05/29 13:18:26   From: C:/Users/VallfIK/Documents/GitHub/bazaotdx/internal/app/app.go:172
2025/05/29 13:18:27 *** Error in Fyne call thread, this should have been called in fyne.Do[AndWait] ***
2025/05/29 13:18:27   From: C:/Users/VallfIK/Documents/GitHub/bazaotdx/internal/app/app.go:172
2025/05/29 13:18:28 *** Error in Fyne call thread, this should have been called in fyne.Do[AndWait] ***
2025/05/29 13:18:28   From: C:/Users/VallfIK/Documents/GitHub/bazaotdx/internal/app/app.go:172
2025/05/29 13:18:29 *** Error in Fyne call thread, this should have been called in fyne.Do[AndWait] ***
2025/05/29 13:18:29   From: C:/Users/VallfIK/Documents/GitHub/bazaotdx/internal/app/app.go:172
2025/05/29 13:18:30 *** Error in Fyne call thread, this should have been called in fyne.Do[AndWait] ***
2025/05/29 13:18:30   From: C:/Users/VallfIK/Documents/GitHub/bazaotdx/internal/app/app.go:172
2025/05/29 13:18:31 *** Error in Fyne call thread, this should have been called in fyne.Do[AndWait] ***
2025/05/29 13:18:31   From: C:/Users/VallfIK/Documents/GitHub/bazaotdx/internal/app/app.go:172
2025/05/29 13:18:32 *** Error in Fyne call thread, this should have been called in fyne.Do[AndWait] ***
2025/05/29 13:18:32   From: C:/Users/VallfIK/Documents/GitHub/bazaotdx/internal/app/app.go:172
2025/05/29 13:18:33 *** Error in Fyne call thread, this should have been called in fyne.Do[AndWait] ***
2025/05/29 13:18:33   From: C:/Users/VallfIK/Documents/GitHub/bazaotdx/internal/app/app.go:172
2025/05/29 13:18:34 *** Error in Fyne call thread, this should have been called in fyne.Do[AndWait] ***
2025/05/29 13:18:34   From: C:/Users/VallfIK/Documents/GitHub/bazaotdx/internal/app/app.go:172
2025/05/29 13:18:35 *** Error in Fyne call thread, this should have been called in fyne.Do[AndWait] ***
2025/05/29 13:18:35   From: C:/Users/VallfIK/Documents/GitHub/bazaotdx/internal/app/app.go:172
2025/05/29 13:18:35 *** Error in Fyne call thread, this should have been called in fyne.Do[AndWait] ***
2025/05/29 13:18:35   From: C:/Users/VallfIK/Documents/GitHub/bazaotdx/internal/app/app.go:636
2025/05/29 13:18:35 *** Error in Fyne call thread, this should have been called in fyne.Do[AndWait] ***
2025/05/29 13:18:35   From: C:/Users/VallfIK/Documents/GitHub/bazaotdx/internal/app/app.go:636
2025/05/29 13:18:35 *** Error in Fyne call thread, this should have been called in fyne.Do[AndWait] ***
2025/05/29 13:18:35   From: C:/Users/VallfIK/Documents/GitHub/bazaotdx/internal/app/app.go:636
2025/05/29 13:18:35 *** Error in Fyne call thread, this should have been called in fyne.Do[AndWait] ***
2025/05/29 13:18:35   From: C:/Users/VallfIK/Documents/GitHub/bazaotdx/internal/app/app.go:636
2025/05/29 13:18:35 *** Error in Fyne call thread, this should have been called in fyne.Do[AndWait] ***
2025/05/29 13:18:35   From: C:/Users/VallfIK/Documents/GitHub/bazaotdx/internal/app/app.go:636
2025/05/29 13:18:35 *** Error in Fyne call thread, this should have been called in fyne.Do[AndWait] ***
2025/05/29 13:18:35   From: C:/Users/VallfIK/Documents/GitHub/bazaotdx/internal/app/app.go:636
2025/05/29 13:18:35 *** Error in Fyne call thread, this should have been called in fyne.Do[AndWait] ***
2025/05/29 13:18:35   From: C:/Users/VallfIK/Documents/GitHub/bazaotdx/internal/app/app.go:636
2025/05/29 13:18:35 *** Error in Fyne call thread, this should have been called in fyne.Do[AndWait] ***
2025/05/29 13:18:35   From: C:/Users/VallfIK/Documents/GitHub/bazaotdx/internal/app/app.go:636
2025/05/29 13:18:35 *** Error in Fyne call thread, this should have been called in fyne.Do[AndWait] ***
2025/05/29 13:18:35   From: C:/Users/VallfIK/Documents/GitHub/bazaotdx/internal/app/app.go:636
2025/05/29 13:18:35 *** Error in Fyne call thread, this should have been called in fyne.Do[AndWait] ***
2025/05/29 13:18:35   From: C:/Users/VallfIK/Documents/GitHub/bazaotdx/internal/app/app.go:636
2025/05/29 13:18:35 *** Error in Fyne call thread, this should have been called in fyne.Do[AndWait] ***
2025/05/29 13:18:35   From: C:/Users/VallfIK/Documents/GitHub/bazaotdx/internal/app/app.go:636
2025/05/29 13:18:35 *** Error in Fyne call thread, this should have been called in fyne.Do[AndWait] ***
2025/05/29 13:18:35   From: C:/Users/VallfIK/Documents/GitHub/bazaotdx/internal/app/app.go:636
2025/05/29 13:18:35 *** Error in Fyne call thread, this should have been called in fyne.Do[AndWait] ***
2025/05/29 13:18:35   From: C:/Users/VallfIK/Documents/GitHub/bazaotdx/internal/app/app.go:636
2025/05/29 13:18:36 *** Error in Fyne call thread, this should have been called in fyne.Do[AndWait] ***
2025/05/29 13:18:36   From: C:/Users/VallfIK/Documents/GitHub/bazaotdx/internal/app/app.go:172
2025/05/29 13:18:37 *** Error in Fyne call thread, this should have been called in fyne.Do[AndWait] ***
2025/05/29 13:18:37   From: C:/Users/VallfIK/Documents/GitHub/bazaotdx/internal/app/app.go:172
2025/05/29 13:18:38 *** Error in Fyne call thread, this should have been called in fyne.Do[AndWait] ***
2025/05/29 13:18:38   From: C:/Users/VallfIK/Documents/GitHub/bazaotdx/internal/app/app.go:172
2025/05/29 13:18:39 *** Error in Fyne call thread, this should have been called in fyne.Do[AndWait] ***
2025/05/29 13:18:39   From: C:/Users/VallfIK/Documents/GitHub/bazaotdx/internal/app/app.go:172
2025/05/29 13:18:39 *** Error in Fyne call thread, this should have been called in fyne.Do[AndWait] ***
2025/05/29 13:18:39   From: C:/Users/VallfIK/Documents/GitHub/bazaotdx/internal/app/app.go:636
2025/05/29 13:18:39 *** Error in Fyne call thread, this should have been called in fyne.Do[AndWait] ***
2025/05/29 13:18:39   From: C:/Users/VallfIK/Documents/GitHub/bazaotdx/internal/app/app.go:636
2025/05/29 13:18:39 *** Error in Fyne call thread, this should have been called in fyne.Do[AndWait] ***
2025/05/29 13:18:39   From: C:/Users/VallfIK/Documents/GitHub/bazaotdx/internal/app/app.go:636
2025/05/29 13:18:39 *** Error in Fyne call thread, this should have been called in fyne.Do[AndWait] ***
2025/05/29 13:18:39   From: C:/Users/VallfIK/Documents/GitHub/bazaotdx/internal/app/app.go:636
2025/05/29 13:18:39 *** Error in Fyne call thread, this should have been called in fyne.Do[AndWait] ***
2025/05/29 13:18:39   From: C:/Users/VallfIK/Documents/GitHub/bazaotdx/internal/app/app.go:636
2025/05/29 13:18:39 *** Error in Fyne call thread, this should have been called in fyne.Do[AndWait] ***
2025/05/29 13:18:39   From: C:/Users/VallfIK/Documents/GitHub/bazaotdx/internal/app/app.go:636
2025/05/29 13:18:39 *** Error in Fyne call thread, this should have been called in fyne.Do[AndWait] ***
2025/05/29 13:18:39   From: C:/Users/VallfIK/Documents/GitHub/bazaotdx/internal/app/app.go:636
2025/05/29 13:18:39 *** Error in Fyne call thread, this should have been called in fyne.Do[AndWait] ***
2025/05/29 13:18:39   From: C:/Users/VallfIK/Documents/GitHub/bazaotdx/internal/app/app.go:636
2025/05/29 13:18:39 *** Error in Fyne call thread, this should have been called in fyne.Do[AndWait] ***
2025/05/29 13:18:39   From: C:/Users/VallfIK/Documents/GitHub/bazaotdx/internal/app/app.go:636
2025/05/29 13:18:39 *** Error in Fyne call thread, this should have been called in fyne.Do[AndWait] ***
2025/05/29 13:18:39   From: C:/Users/VallfIK/Documents/GitHub/bazaotdx/internal/app/app.go:636
2025/05/29 13:18:39 *** Error in Fyne call thread, this should have been called in fyne.Do[AndWait] ***
2025/05/29 13:18:39   From: C:/Users/VallfIK/Documents/GitHub/bazaotdx/internal/app/app.go:636
2025/05/29 13:18:39 *** Error in Fyne call thread, this should have been called in fyne.Do[AndWait] ***
2025/05/29 13:18:39   From: C:/Users/VallfIK/Documents/GitHub/bazaotdx/internal/app/app.go:636
2025/05/29 13:18:39 *** Error in Fyne call thread, this should have been called in fyne.Do[AndWait] ***
2025/05/29 13:18:39   From: C:/Users/VallfIK/Documents/GitHub/bazaotdx/internal/app/app.go:636
2025/05/29 13:18:40 *** Error in Fyne call thread, this should have been called in fyne.Do[AndWait] ***
2025/05/29 13:18:40   From: C:/Users/VallfIK/Documents/GitHub/bazaotdx/internal/app/app.go:172
2025/05/29 13:18:40 *** Error in Fyne call thread, this should have been called in fyne.Do[AndWait] ***
2025/05/29 13:18:40   From: C:/Users/VallfIK/Documents/GitHub/bazaotdx/internal/app/app.go:636
2025/05/29 13:18:40 *** Error in Fyne call thread, this should have been called in fyne.Do[AndWait] ***
2025/05/29 13:18:40   From: C:/Users/VallfIK/Documents/GitHub/bazaotdx/internal/app/app.go:636
2025/05/29 13:18:40 *** Error in Fyne call thread, this should have been called in fyne.Do[AndWait] ***
2025/05/29 13:18:40   From: C:/Users/VallfIK/Documents/GitHub/bazaotdx/internal/app/app.go:636
2025/05/29 13:18:40 *** Error in Fyne call thread, this should have been called in fyne.Do[AndWait] ***
2025/05/29 13:18:40   From: C:/Users/VallfIK/Documents/GitHub/bazaotdx/internal/app/app.go:636
2025/05/29 13:18:40 *** Error in Fyne call thread, this should have been called in fyne.Do[AndWait] ***
2025/05/29 13:18:40   From: C:/Users/VallfIK/Documents/GitHub/bazaotdx/internal/app/app.go:636
2025/05/29 13:18:40 *** Error in Fyne call thread, this should have been called in fyne.Do[AndWait] ***
2025/05/29 13:18:40   From: C:/Users/VallfIK/Documents/GitHub/bazaotdx/internal/app/app.go:636
2025/05/29 13:18:40 *** Error in Fyne call thread, this should have been called in fyne.Do[AndWait] ***
2025/05/29 13:18:40   From: C:/Users/VallfIK/Documents/GitHub/bazaotdx/internal/app/app.go:636
2025/05/29 13:18:40 *** Error in Fyne call thread, this should have been called in fyne.Do[AndWait] ***
2025/05/29 13:18:40   From: C:/Users/VallfIK/Documents/GitHub/bazaotdx/internal/app/app.go:636
2025/05/29 13:18:40 *** Error in Fyne call thread, this should have been called in fyne.Do[AndWait] ***
2025/05/29 13:18:40   From: C:/Users/VallfIK/Documents/GitHub/bazaotdx/internal/app/app.go:636
2025/05/29 13:18:40 *** Error in Fyne call thread, this should have been called in fyne.Do[AndWait] ***
2025/05/29 13:18:40   From: C:/Users/VallfIK/Documents/GitHub/bazaotdx/internal/app/app.go:636
2025/05/29 13:18:40 *** Error in Fyne call thread, this should have been called in fyne.Do[AndWait] ***
2025/05/29 13:18:40   From: C:/Users/VallfIK/Documents/GitHub/bazaotdx/internal/app/app.go:636
2025/05/29 13:18:40 *** Error in Fyne call thread, this should have been called in fyne.Do[AndWait] ***
2025/05/29 13:18:40   From: C:/Users/VallfIK/Documents/GitHub/bazaotdx/internal/app/app.go:636
2025/05/29 13:18:40 *** Error in Fyne call thread, this should have been called in fyne.Do[AndWait] ***
2025/05/29 13:18:40   From: C:/Users/VallfIK/Documents/GitHub/bazaotdx/internal/app/app.go:636
2025/05/29 13:18:41 *** Error in Fyne call thread, this should have been called in fyne.Do[AndWait] ***
2025/05/29 13:18:41   From: C:/Users/VallfIK/Documents/GitHub/bazaotdx/internal/app/app.go:172
2025/05/29 13:18:42 *** Error in Fyne call thread, this should have been called in fyne.Do[AndWait] ***
2025/05/29 13:18:42   From: C:/Users/VallfIK/Documents/GitHub/bazaotdx/internal/app/app.go:172
2025/05/29 13:18:43 *** Error in Fyne call thread, this should have been called in fyne.Do[AndWait] ***
2025/05/29 13:18:43   From: C:/Users/VallfIK/Documents/GitHub/bazaotdx/internal/app/app.go:172
2025/05/29 13:18:44 *** Error in Fyne call thread, this should have been called in fyne.Do[AndWait] ***
2025/05/29 13:18:44   From: C:/Users/VallfIK/Documents/GitHub/bazaotdx/internal/app/app.go:172
2025/05/29 13:18:45 *** Error in Fyne call thread, this should have been called in fyne.Do[AndWait] ***
2025/05/29 13:18:45   From: C:/Users/VallfIK/Documents/GitHub/bazaotdx/internal/app/app.go:172
2025/05/29 13:18:46 *** Error in Fyne call thread, this should have been called in fyne.Do[AndWait] ***
2025/05/29 13:18:46   From: C:/Users/VallfIK/Documents/GitHub/bazaotdx/internal/app/app.go:172
2025/05/29 13:18:47 *** Error in Fyne call thread, this should have been called in fyne.Do[AndWait] ***
2025/05/29 13:18:47   From: C:/Users/VallfIK/Documents/GitHub/bazaotdx/internal/app/app.go:172
2025/05/29 13:18:48 *** Error in Fyne call thread, this should have been called in fyne.Do[AndWait] ***
2025/05/29 13:18:48   From: C:/Users/VallfIK/Documents/GitHub/bazaotdx/internal/app/app.go:172
2025/05/29 13:18:49 *** Error in Fyne call thread, this should have been called in fyne.Do[AndWait] ***
2025/05/29 13:18:49   From: C:/Users/VallfIK/Documents/GitHub/bazaotdx/internal/app/app.go:172
2025/05/29 13:18:50 *** Error in Fyne call thread, this should have been called in fyne.Do[AndWait] ***
2025/05/29 13:18:50   From: C:/Users/VallfIK/Documents/GitHub/bazaotdx/internal/app/app.go:172
2025/05/29 13:18:51 *** Error in Fyne call thread, this should have been called in fyne.Do[AndWait] ***
2025/05/29 13:18:51   From: C:/Users/VallfIK/Documents/GitHub/bazaotdx/internal/app/app.go:172
2025/05/29 13:18:52 *** Error in Fyne call thread, this should have been called in fyne.Do[AndWait] ***
2025/05/29 13:18:52   From: C:/Users/VallfIK/Documents/GitHub/bazaotdx/internal/app/app.go:172
2025/05/29 13:18:53 *** Error in Fyne call thread, this should have been called in fyne.Do[AndWait] ***
2025/05/29 13:18:53   From: C:/Users/VallfIK/Documents/GitHub/bazaotdx/internal/app/app.go:172
2025/05/29 13:18:54 *** Error in Fyne call thread, this should have been called in fyne.Do[AndWait] ***
2025/05/29 13:18:54   From: C:/Users/VallfIK/Documents/GitHub/bazaotdx/internal/app/app.go:172
2025/05/29 13:19:02 *** Error in Fyne call thread, this should have been called in fyne.Do[AndWait] ***
2025/05/29 13:19:02   From: C:/Users/VallfIK/Documents/GitHub/bazaotdx/internal/app/app.go:172
2025/05/29 13:19:03 *** Error in Fyne call thread, this should have been called in fyne.Do[AndWait] ***
2025/05/29 13:19:03   From: C:/Users/VallfIK/Documents/GitHub/bazaotdx/internal/app/app.go:172
2025/05/29 13:19:04 *** Error in Fyne call thread, this should have been called in fyne.Do[AndWait] ***
2025/05/29 13:19:04   From: C:/Users/VallfIK/Documents/GitHub/bazaotdx/internal/app/app.go:172
2025/05/29 13:19:05 *** Error in Fyne call thread, this should have been called in fyne.Do[AndWait] ***
2025/05/29 13:19:05   From: C:/Users/VallfIK/Documents/GitHub/bazaotdx/internal/app/app.go:172
2025/05/29 13:25:12 🚀 Запуск приложения Лесной Базы Отдыха
2025/05/29 13:25:12 🛠️ Версия: 2.0 (Стилизованная)
2025/05/29 13:25:12 🎨 Тема: Лесная (зеленые оттенки, молочный, коричневый)
2025/05/29 13:25:12 🔍 Проверка директории images: C:\Users\VallfIK\Documents\GitHub\bazaotdx\images
2025/05/29 13:25:12 ✅ Файл найден: C:\Users\VallfIK\Documents\GitHub\bazaotdx\images\free.png
2025/05/29 13:25:12 ✅ Файл найден: C:\Users\VallfIK\Documents\GitHub\bazaotdx\images\booked.png
2025/05/29 13:25:12 ✅ Файл найден: C:\Users\VallfIK\Documents\GitHub\bazaotdx\images\bought.png
2025/05/29 13:25:12 ✅ Файл найден: C:\Users\VallfIK\Documents\GitHub\bazaotdx\images\freefirst.png
2025/05/29 13:25:12 ✅ Файл найден: C:\Users\VallfIK\Documents\GitHub\bazaotdx\images\bookedfirst.png
2025/05/29 13:25:12 ✅ Файл найден: C:\Users\VallfIK\Documents\GitHub\bazaotdx\images\boughtfirst.png
2025/05/29 13:25:12 ✅ Файл найден: C:\Users\VallfIK\Documents\GitHub\bazaotdx\images\bookedlast.png
2025/05/29 13:25:12 ✅ Файл найден: C:\Users\VallfIK\Documents\GitHub\bazaotdx\images\boughtlast.png
2025/05/29 13:25:12 ✅ Успешное подключение к БД
2025/05/29 13:25:13 🌲 Запуск стилизованного интерфейса...
2025/05/29 13:25:13 🔄 Запуск фоновых задач...
2025/05/29 13:25:13 *** Error in Fyne call thread, this should have been called in fyne.Do[AndWait] ***
2025/05/29 13:25:13   From: C:/Users/VallfIK/Documents/GitHub/bazaotdx/internal/app/app.go:172
2025/05/29 13:25:14 *** Error in Fyne call thread, this should have been called in fyne.Do[AndWait] ***
2025/05/29 13:25:14   From: C:/Users/VallfIK/Documents/GitHub/bazaotdx/internal/app/app.go:172
2025/05/29 13:25:15 *** Error in Fyne call thread, this should have been called in fyne.Do[AndWait] ***
2025/05/29 13:25:15   From: C:/Users/VallfIK/Documents/GitHub/bazaotdx/internal/app/app.go:172
2025/05/29 13:25:16 *** Error in Fyne call thread, this should have been called in fyne.Do[AndWait] ***
2025/05/29 13:25:16   From: C:/Users/VallfIK/Documents/GitHub/bazaotdx/internal/app/app.go:172
2025/05/29 13:25:17 *** Error in Fyne call thread, this should have been called in fyne.Do[AndWait] ***
2025/05/29 13:25:17   From: C:/Users/VallfIK/Documents/GitHub/bazaotdx/internal/app/app.go:636
2025/05/29 13:25:17 *** Error in Fyne call thread, this should have been called in fyne.Do[AndWait] ***
2025/05/29 13:25:17   From: C:/Users/VallfIK/Documents/GitHub/bazaotdx/internal/app/app.go:636
2025/05/29 13:25:17 *** Error in Fyne call thread, this should have been called in fyne.Do[AndWait] ***
2025/05/29 13:25:17   From: C:/Users/VallfIK/Documents/GitHub/bazaotdx/internal/app/app.go:636
2025/05/29 13:25:17 *** Error in Fyne call thread, this should have been called in fyne.Do[AndWait] ***
2025/05/29 13:25:17   From: C:/Users/VallfIK/Documents/GitHub/bazaotdx/internal/app/app.go:636
2025/05/29 13:25:17 *** Error in Fyne call thread, this should have been called in fyne.Do[AndWait] ***
2025/05/29 13:25:17   From: C:/Users/VallfIK/Documents/GitHub/bazaotdx/internal/app/app.go:636
2025/05/29 13:25:17 *** Error in Fyne call thread, this should have been called in fyne.Do[AndWait] ***
2025/05/29 13:25:17   From: C:/Users/VallfIK/Documents/GitHub/bazaotdx/internal/app/app.go:636
2025/05/29 13:25:17 *** Error in Fyne call thread, this should have been called in fyne.Do[AndWait] ***
2025/05/29 13:25:17   From: C:/Users/VallfIK/Documents/GitHub/bazaotdx/internal/app/app.go:636
2025/05/29 13:25:17 *** Error in Fyne call thread, this should have been called in fyne.Do[AndWait] ***
2025/05/29 13:25:17   From: C:/Users/VallfIK/Documents/GitHub/bazaotdx/internal/app/app.go:636
2025/05/29 13:25:17 *** Error in Fyne call thread, this should have been called in fyne.Do[AndWait] ***
2025/05/29 13:25:17   From: C:/Users/VallfIK/Documents/GitHub/bazaotdx/internal/app/app.go:636
2025/05/29 13:25:17 *** Error in Fyne call thread, this should have been called in fyne.Do[AndWait] ***
2025/05/29 13:25:17   From: C:/Users/VallfIK/Documents/GitHub/bazaotdx/internal/app/app.go:636
2025/05/29 13:25:17 *** Error in Fyne call thread, this should have been called in fyne.Do[AndWait] ***
2025/05/29 13:25:17   From: C:/Users/VallfIK/Documents/GitHub/bazaotdx/internal/app/app.go:636
2025/05/29 13:25:17 *** Error in Fyne call thread, this should have been called in fyne.Do[AndWait] ***
2025/05/29 13:25:17   From: C:/Users/VallfIK/Documents/GitHub/bazaotdx/internal/app/app.go:636
2025/05/29 13:25:17 *** Error in Fyne call thread, this should have been called in fyne.Do[AndWait] ***
2025/05/29 13:25:17   From: C:/Users/VallfIK/Documents/GitHub/bazaotdx/internal/app/app.go:636
2025/05/29 13:25:17 *** Error in Fyne call thread, this should have been called in fyne.Do[AndWait] ***
2025/05/29 13:25:17   From: C:/Users/VallfIK/Documents/GitHub/bazaotdx/internal/app/app.go:172
2025/05/29 13:25:18 *** Error in Fyne call thread, this should have been called in fyne.Do[AndWait] ***
2025/05/29 13:25:18   From: C:/Users/VallfIK/Documents/GitHub/bazaotdx/internal/app/app.go:172
2025/05/29 14:59:53 🚀 Запуск приложения Лесной Базы Отдыха
2025/05/29 14:59:53 🛠️ Версия: 2.0 (Стилизованная)
2025/05/29 14:59:53 🎨 Тема: Лесная (зеленые оттенки, молочный, коричневый)
2025/05/29 14:59:53 🔍 Проверка директории images: C:\Users\VallfIK\Documents\GitHub\bazaotdx\images
2025/05/29 14:59:53 ✅ Файл найден: C:\Users\VallfIK\Documents\GitHub\bazaotdx\images\free.png
2025/05/29 14:59:53 ✅ Файл найден: C:\Users\VallfIK\Documents\GitHub\bazaotdx\images\booked.png
2025/05/29 14:59:53 ✅ Файл найден: C:\Users\VallfIK\Documents\GitHub\bazaotdx\images\bought.png
2025/05/29 14:59:53 ✅ Файл найден: C:\Users\VallfIK\Documents\GitHub\bazaotdx\images\freefirst.png
2025/05/29 14:59:53 ✅ Файл найден: C:\Users\VallfIK\Documents\GitHub\bazaotdx\images\bookedfirst.png
2025/05/29 14:59:53 ✅ Файл найден: C:\Users\VallfIK\Documents\GitHub\bazaotdx\images\boughtfirst.png
2025/05/29 14:59:53 ✅ Файл найден: C:\Users\VallfIK\Documents\GitHub\bazaotdx\images\bookedlast.png
2025/05/29 14:59:53 ✅ Файл найден: C:\Users\VallfIK\Documents\GitHub\bazaotdx\images\boughtlast.png
2025/05/29 14:59:53 ✅ Успешное подключение к БД
2025/05/29 14:59:53 🌲 Запуск стилизованного интерфейса...
2025/05/29 14:59:53 🔄 Запуск фоновых задач...
2025/05/29 14:59:54 *** Error in Fyne call thread, this should have been called in fyne.Do[AndWait] ***
2025/05/29 14:59:54   From: C:/Users/VallfIK/Documents/GitHub/bazaotdx/internal/app/app.go:172
2025/05/29 14:59:55 *** Error in Fyne call thread, this should have been called in fyne.Do[AndWait] ***
2025/05/29 14:59:55   From: C:/Users/VallfIK/Documents/GitHub/bazaotdx/internal/app/app.go:172
2025/05/29 14:59:56 *** Error in Fyne call thread, this should have been called in fyne.Do[AndWait] ***
2025/05/29 14:59:56   From: C:/Users/VallfIK/Documents/GitHub/bazaotdx/internal/app/app.go:172
2025/05/29 14:59:57 *** Error in Fyne call thread, this should have been called in fyne.Do[AndWait] ***
2025/05/29 14:59:57   From: C:/Users/VallfIK/Documents/GitHub/bazaotdx/internal/app/app.go:172
2025/05/29 14:59:58 *** Error in Fyne call thread, this should have been called in fyne.Do[AndWait] ***
2025/05/29 14:59:58   From: C:/Users/VallfIK/Documents/GitHub/bazaotdx/internal/app/app.go:172
2025/05/29 15:54:23 🚀 Запуск приложения Лесной Базы Отдыха
2025/05/29 15:54:23 🛠️ Версия: 2.0 (Стилизованная)
2025/05/29 15:54:23 🎨 Тема: Лесная (зеленые оттенки, молочный, коричневый)
2025/05/29 15:54:23 🔍 Проверка директории images: C:\Users\VallfIK\Documents\GitHub\bazaotdx\images
2025/05/29 15:54:23 ✅ Файл найден: C:\Users\VallfIK\Documents\GitHub\bazaotdx\images\free.png
2025/05/29 15:54:23 ✅ Файл найден: C:\Users\VallfIK\Documents\GitHub\bazaotdx\images\booked.png
2025/05/29 15:54:23 ✅ Файл найден: C:\Users\VallfIK\Documents\GitHub\bazaotdx\images\bought.png
2025/05/29 15:54:23 ✅ Файл найден: C:\Users\VallfIK\Documents\GitHub\bazaotdx\images\freefirst.png
2025/05/29 15:54:23 ✅ Файл найден: C:\Users\VallfIK\Documents\GitHub\bazaotdx\images\bookedfirst.png
2025/05/29 15:54:23 ✅ Файл найден: C:\Users\VallfIK\Documents\GitHub\bazaotdx\images\boughtfirst.png
2025/05/29 15:54:23 ✅ Файл найден: C:\Users\VallfIK\Documents\GitHub\bazaotdx\images\bookedlast.png
2025/05/29 15:54:23 ✅ Файл найден: C:\Users\VallfIK\Documents\GitHub\bazaotdx\images\boughtlast.png
2025/05/29 15:54:23 ✅ Успешное подключение к БД
2025/05/29 15:54:23 🌲 Запуск стилизованного интерфейса...
2025/05/29 15:54:23 🔄 Запуск фоновых задач...
2025/05/29 15:54:24 *** Error in Fyne call thread, this should have been called in fyne.Do[AndWait] ***
2025/05/29 15:54:24   From: C:/Users/VallfIK/Documents/GitHub/bazaotdx/internal/app/app.go:173
2025/05/29 15:54:25 *** Error in Fyne call thread, this should have been called in fyne.Do[AndWait] ***
2025/05/29 15:54:25   From: C:/Users/VallfIK/Documents/GitHub/bazaotdx/internal/app/app.go:173
2025/05/29 15:54:26 *** Error in Fyne call thread, this should have been called in fyne.Do[AndWait] ***
2025/05/29 15:54:26   From: C:/Users/VallfIK/Documents/GitHub/bazaotdx/internal/app/app.go:173
2025/05/29 15:54:27 *** Error in Fyne call thread, this should have been called in fyne.Do[AndWait] ***
2025/05/29 15:54:27   From: C:/Users/VallfIK/Documents/GitHub/bazaotdx/internal/app/app.go:173
2025/05/29 15:54:28 *** Error in Fyne call thread, this should have been called in fyne.Do[AndWait] ***
2025/05/29 15:54:28   From: C:/Users/VallfIK/Documents/GitHub/bazaotdx/internal/app/app.go:173
2025/05/29 15:54:29 *** Error in Fyne call thread, this should have been called in fyne.Do[AndWait] ***
2025/05/29 15:54:29   From: C:/Users/VallfIK/Documents/GitHub/bazaotdx/internal/app/app.go:173
2025/05/29 15:54:30 *** Error in Fyne call thread, this should have been called in fyne.Do[AndWait] ***
2025/05/29 15:54:30   From: C:/Users/VallfIK/Documents/GitHub/bazaotdx/internal/app/app.go:173
2025/05/29 15:54:31 *** Error in Fyne call thread, this should have been called in fyne.Do[AndWait] ***
2025/05/29 15:54:31   From: C:/Users/VallfIK/Documents/GitHub/bazaotdx/internal/app/app.go:636
2025/05/29 15:54:31 *** Error in Fyne call thread, this should have been called in fyne.Do[AndWait] ***
2025/05/29 15:54:31   From: C:/Users/VallfIK/Documents/GitHub/bazaotdx/internal/app/app.go:636
2025/05/29 15:54:31 *** Error in Fyne call thread, this should have been called in fyne.Do[AndWait] ***
2025/05/29 15:54:31   From: C:/Users/VallfIK/Documents/GitHub/bazaotdx/internal/app/app.go:636
2025/05/29 15:54:31 *** Error in Fyne call thread, this should have been called in fyne.Do[AndWait] ***
2025/05/29 15:54:31   From: C:/Users/VallfIK/Documents/GitHub/bazaotdx/internal/app/app.go:636
2025/05/29 15:54:31 *** Error in Fyne call thread, this should have been called in fyne.Do[AndWait] ***
2025/05/29 15:54:31   From: C:/Users/VallfIK/Documents/GitHub/bazaotdx/internal/app/app.go:636
2025/05/29 15:54:31 *** Error in Fyne call thread, this should have been called in fyne.Do[AndWait] ***
2025/05/29 15:54:31   From: C:/Users/VallfIK/Documents/GitHub/bazaotdx/internal/app/app.go:636
2025/05/29 15:54:31 *** Error in Fyne call thread, this should have been called in fyne.Do[AndWait] ***
2025/05/29 15:54:31   From: C:/Users/VallfIK/Documents/GitHub/bazaotdx/internal/app/app.go:636
2025/05/29 15:54:31 *** Error in Fyne call thread, this should have been called in fyne.Do[AndWait] ***
2025/05/29 15:54:31   From: C:/Users/VallfIK/Documents/GitHub/bazaotdx/internal/app/app.go:636
2025/05/29 15:54:31 *** Error in Fyne call thread, this should have been called in fyne.Do[AndWait] ***
2025/05/29 15:54:31   From: C:/Users/VallfIK/Documents/GitHub/bazaotdx/internal/app/app.go:636
2025/05/29 15:54:31 *** Error in Fyne call thread, this should have been called in fyne.Do[AndWait] ***
2025/05/29 15:54:31   From: C:/Users/VallfIK/Documents/GitHub/bazaotdx/internal/app/app.go:636
2025/05/29 15:54:31 *** Error in Fyne call thread, this should have been called in fyne.Do[AndWait] ***
2025/05/29 15:54:31   From: C:/Users/VallfIK/Documents/GitHub/bazaotdx/internal/app/app.go:636
2025/05/29 15:54:31 *** Error in Fyne call thread, this should have been called in fyne.Do[AndWait] ***
2025/05/29 15:54:31   From: C:/Users/VallfIK/Documents/GitHub/bazaotdx/internal/app/app.go:636
2025/05/29 15:54:31 *** Error in Fyne call thread, this should have been called in fyne.Do[AndWait] ***
2025/05/29 15:54:31   From: C:/Users/VallfIK/Documents/GitHub/bazaotdx/internal/app/app.go:636
2025/05/29 15:54:31 *** Error in Fyne call thread, this should have been called in fyne.Do[AndWait] ***
2025/05/29 15:54:31   From: C:/Users/VallfIK/Documents/GitHub/bazaotdx/internal/app/app.go:173
2025/05/29 15:54:32 *** Error in Fyne call thread, this should have been called in fyne.Do[AndWait] ***
2025/05/29 15:54:32   From: C:/Users/VallfIK/Documents/GitHub/bazaotdx/internal/app/app.go:173
2025/05/29 16:03:43 🚀 Запуск приложения Лесной Базы Отдыха
2025/05/29 16:03:43 🛠️ Версия: 2.0 (Стилизованная)
2025/05/29 16:03:43 🎨 Тема: Лесная (зеленые оттенки, молочный, коричневый)
2025/05/29 16:03:43 🔍 Проверка директории images: C:\Users\VallfIK\Documents\GitHub\bazaotdx\images
2025/05/29 16:03:43 ✅ Файл найден: C:\Users\VallfIK\Documents\GitHub\bazaotdx\images\free.png
2025/05/29 16:03:43 ✅ Файл найден: C:\Users\VallfIK\Documents\GitHub\bazaotdx\images\booked.png
2025/05/29 16:03:43 ✅ Файл найден: C:\Users\VallfIK\Documents\GitHub\bazaotdx\images\bought.png
2025/05/29 16:03:43 ✅ Файл найден: C:\Users\VallfIK\Documents\GitHub\bazaotdx\images\freefirst.png
2025/05/29 16:03:43 ✅ Файл найден: C:\Users\VallfIK\Documents\GitHub\bazaotdx\images\bookedfirst.png
2025/05/29 16:03:43 ✅ Файл найден: C:\Users\VallfIK\Documents\GitHub\bazaotdx\images\boughtfirst.png
2025/05/29 16:03:43 ✅ Файл найден: C:\Users\VallfIK\Documents\GitHub\bazaotdx\images\bookedlast.png
2025/05/29 16:03:43 ✅ Файл найден: C:\Users\VallfIK\Documents\GitHub\bazaotdx\images\boughtlast.png
2025/05/29 16:03:43 ✅ Успешное подключение к БД
2025/05/29 16:03:43 🌲 Запуск стилизованного интерфейса...
2025/05/29 16:03:43 🔄 Запуск фоновых задач...
2025/05/29 16:03:44 *** Error in Fyne call thread, this should have been called in fyne.Do[AndWait] ***
2025/05/29 16:03:44   From: C:/Users/VallfIK/Documents/GitHub/bazaotdx/internal/app/app.go:164
2025/05/29 16:03:45 *** Error in Fyne call thread, this should have been called in fyne.Do[AndWait] ***
2025/05/29 16:03:45   From: C:/Users/VallfIK/Documents/GitHub/bazaotdx/internal/app/app.go:164
2025/05/29 16:03:46 *** Error in Fyne call thread, this should have been called in fyne.Do[AndWait] ***
2025/05/29 16:03:46   From: C:/Users/VallfIK/Documents/GitHub/bazaotdx/internal/app/app.go:629
2025/05/29 16:03:46 *** Error in Fyne call thread, this should have been called in fyne.Do[AndWait] ***
2025/05/29 16:03:46   From: C:/Users/VallfIK/Documents/GitHub/bazaotdx/internal/app/app.go:629
2025/05/29 16:03:46 *** Error in Fyne call thread, this should have been called in fyne.Do[AndWait] ***
2025/05/29 16:03:46   From: C:/Users/VallfIK/Documents/GitHub/bazaotdx/internal/app/app.go:629
2025/05/29 16:03:46 *** Error in Fyne call thread, this should have been called in fyne.Do[AndWait] ***
2025/05/29 16:03:46   From: C:/Users/VallfIK/Documents/GitHub/bazaotdx/internal/app/app.go:629
2025/05/29 16:03:46 *** Error in Fyne call thread, this should have been called in fyne.Do[AndWait] ***
2025/05/29 16:03:46   From: C:/Users/VallfIK/Documents/GitHub/bazaotdx/internal/app/app.go:629
2025/05/29 16:03:46 *** Error in Fyne call thread, this should have been called in fyne.Do[AndWait] ***
2025/05/29 16:03:46   From: C:/Users/VallfIK/Documents/GitHub/bazaotdx/internal/app/app.go:629
2025/05/29 16:03:46 *** Error in Fyne call thread, this should have been called in fyne.Do[AndWait] ***
2025/05/29 16:03:46   From: C:/Users/VallfIK/Documents/GitHub/bazaotdx/internal/app/app.go:629
2025/05/29 16:03:46 *** Error in Fyne call thread, this should have been called in fyne.Do[AndWait] ***
2025/05/29 16:03:46   From: C:/Users/VallfIK/Documents/GitHub/bazaotdx/internal/app/app.go:629
2025/05/29 16:03:46 *** Error in Fyne call thread, this should have been called in fyne.Do[AndWait] ***
2025/05/29 16:03:46   From: C:/Users/VallfIK/Documents/GitHub/bazaotdx/internal/app/app.go:629
2025/05/29 16:03:46 *** Error in Fyne call thread, this should have been called in fyne.Do[AndWait] ***
2025/05/29 16:03:46   From: C:/Users/VallfIK/Documents/GitHub/bazaotdx/internal/app/app.go:629
2025/05/29 16:03:46 *** Error in Fyne call thread, this should have been called in fyne.Do[AndWait] ***
2025/05/29 16:03:46   From: C:/Users/VallfIK/Documents/GitHub/bazaotdx/internal/app/app.go:629
2025/05/29 16:03:46 *** Error in Fyne call thread, this should have been called in fyne.Do[AndWait] ***
2025/05/29 16:03:46   From: C:/Users/VallfIK/Documents/GitHub/bazaotdx/internal/app/app.go:629
2025/05/29 16:03:46 *** Error in Fyne call thread, this should have been called in fyne.Do[AndWait] ***
2025/05/29 16:03:46   From: C:/Users/VallfIK/Documents/GitHub/bazaotdx/internal/app/app.go:629
2025/05/29 16:03:46 *** Error in Fyne call thread, this should have been called in fyne.Do[AndWait] ***
2025/05/29 16:03:46   From: C:/Users/VallfIK/Documents/GitHub/bazaotdx/internal/app/app.go:164
2025/05/29 16:03:47 *** Error in Fyne call thread, this should have been called in fyne.Do[AndWait] ***
2025/05/29 16:03:47   From: C:/Users/VallfIK/Documents/GitHub/bazaotdx/internal/app/app.go:164
2025/05/29 16:03:50 *** Error in Fyne call thread, this should have been called in fyne.Do[AndWait] ***
2025/05/29 16:03:50   From: C:/Users/VallfIK/Documents/GitHub/bazaotdx/internal/app/app.go:164
2025/05/29 16:03:50 *** Error in Fyne call thread, this should have been called in fyne.Do[AndWait] ***
2025/05/29 16:03:50   From: C:/Users/VallfIK/Documents/GitHub/bazaotdx/internal/app/app.go:164
2025/05/29 16:03:51 *** Error in Fyne call thread, this should have been called in fyne.Do[AndWait] ***
2025/05/29 16:03:51   From: C:/Users/VallfIK/Documents/GitHub/bazaotdx/internal/app/app.go:164
2025/05/29 16:04:32 🚀 Запуск приложения Лесной Базы Отдыха
2025/05/29 16:04:32 🛠️ Версия: 2.0 (Стилизованная)
2025/05/29 16:04:32 🎨 Тема: Лесная (зеленые оттенки, молочный, коричневый)
2025/05/29 16:04:32 🔍 Проверка директории images: C:\Users\VallfIK\Documents\GitHub\bazaotdx\images
2025/05/29 16:04:32 ✅ Файл найден: C:\Users\VallfIK\Documents\GitHub\bazaotdx\images\free.png
2025/05/29 16:04:32 ✅ Файл найден: C:\Users\VallfIK\Documents\GitHub\bazaotdx\images\booked.png
2025/05/29 16:04:32 ✅ Файл найден: C:\Users\VallfIK\Documents\GitHub\bazaotdx\images\bought.png
2025/05/29 16:04:32 ✅ Файл найден: C:\Users\VallfIK\Documents\GitHub\bazaotdx\images\freefirst.png
2025/05/29 16:04:32 ✅ Файл найден: C:\Users\VallfIK\Documents\GitHub\bazaotdx\images\bookedfirst.png
2025/05/29 16:04:32 ✅ Файл найден: C:\Users\VallfIK\Documents\GitHub\bazaotdx\images\boughtfirst.png
2025/05/29 16:04:32 ✅ Файл найден: C:\Users\VallfIK\Documents\GitHub\bazaotdx\images\bookedlast.png
2025/05/29 16:04:32 ✅ Файл найден: C:\Users\VallfIK\Documents\GitHub\bazaotdx\images\boughtlast.png
2025/05/29 16:04:32 ✅ Успешное подключение к БД
2025/05/29 16:04:33 🌲 Запуск стилизованного интерфейса...
2025/05/29 16:04:33 🔄 Запуск фоновых задач...
2025/05/29 16:04:33 *** Error in Fyne call thread, this should have been called in fyne.Do[AndWait] ***
2025/05/29 16:04:33   From: C:/Users/VallfIK/Documents/GitHub/bazaotdx/internal/app/app.go:164
2025/05/29 16:04:34 *** Error in Fyne call thread, this should have been called in fyne.Do[AndWait] ***
2025/05/29 16:04:34   From: C:/Users/VallfIK/Documents/GitHub/bazaotdx/internal/app/app.go:164
2025/05/29 16:30:18 🌲 Запуск системы управления базой отдыха 'Звуки Леса'
2025/05/29 16:30:18 🛠️ Версия: 3.0 (Улучшенный дизайн)
2025/05/29 16:30:18 🎨 Тема: Природная (зеленые тона, золотые акценты, кремовый фон)
2025/05/29 16:30:18 🏞️ База отдыха: Звуки Леса
2025/05/29 16:30:18 🔍 Проверка директории images: C:\Users\VallfIK\Documents\GitHub\bazaotdx\images
2025/05/29 16:30:18 ✅ Файл найден: C:\Users\VallfIK\Documents\GitHub\bazaotdx\images\free.png
2025/05/29 16:30:18 ✅ Файл найден: C:\Users\VallfIK\Documents\GitHub\bazaotdx\images\booked.png
2025/05/29 16:30:18 ✅ Файл найден: C:\Users\VallfIK\Documents\GitHub\bazaotdx\images\bought.png
2025/05/29 16:30:18 ✅ Файл найден: C:\Users\VallfIK\Documents\GitHub\bazaotdx\images\freefirst.png
2025/05/29 16:30:18 ✅ Файл найден: C:\Users\VallfIK\Documents\GitHub\bazaotdx\images\bookedfirst.png
2025/05/29 16:30:18 ✅ Файл найден: C:\Users\VallfIK\Documents\GitHub\bazaotdx\images\boughtfirst.png
2025/05/29 16:30:18 ✅ Файл найден: C:\Users\VallfIK\Documents\GitHub\bazaotdx\images\bookedlast.png
2025/05/29 16:30:18 ✅ Файл найден: C:\Users\VallfIK\Documents\GitHub\bazaotdx\images\boughtlast.png
2025/05/29 16:30:18 ✅ Успешное подключение к БД
2025/05/29 16:30:19 🌲 Запуск системы управления 'Звуки Леса'...
2025/05/29 16:30:19 🎯 Особенности новой версии:
2025/05/29 16:30:19    • Фиксированные размеры окна (предотвращение расширения)
2025/05/29 16:30:19    • Улучшенная цветовая схема с природными оттенками
2025/05/29 16:30:19 🔄 Запуск фоновых задач для 'Звуки Леса'...
2025/05/29 16:30:19    • Обновленное название: 'Звуки Леса'
2025/05/29 16:30:19    • Эмоджи и улучшенная типографика
2025/05/29 16:30:19    • Градиентные эффекты и стилизованные карточки
2025/05/29 16:30:19 *** Error in Fyne call thread, this should have been called in fyne.Do[AndWait] ***
2025/05/29 16:30:19   From: C:/Users/VallfIK/Documents/GitHub/bazaotdx/internal/app/app.go:174
2025/05/29 16:30:20 *** Error in Fyne call thread, this should have been called in fyne.Do[AndWait] ***
2025/05/29 16:30:20   From: C:/Users/VallfIK/Documents/GitHub/bazaotdx/internal/app/app.go:174
2025/05/29 16:30:21 *** Error in Fyne call thread, this should have been called in fyne.Do[AndWait] ***
2025/05/29 16:30:21   From: C:/Users/VallfIK/Documents/GitHub/bazaotdx/internal/app/app.go:174
2025/05/29 16:30:22 *** Error in Fyne call thread, this should have been called in fyne.Do[AndWait] ***
2025/05/29 16:30:22   From: C:/Users/VallfIK/Documents/GitHub/bazaotdx/internal/app/app.go:174
2025/05/29 16:30:23 *** Error in Fyne call thread, this should have been called in fyne.Do[AndWait] ***
2025/05/29 16:30:23   From: C:/Users/VallfIK/Documents/GitHub/bazaotdx/internal/app/app.go:174
2025/05/29 16:30:24 *** Error in Fyne call thread, this should have been called in fyne.Do[AndWait] ***
2025/05/29 16:30:24   From: C:/Users/VallfIK/Documents/GitHub/bazaotdx/internal/app/app.go:174
2025/05/29 16:30:25 *** Error in Fyne call thread, this should have been called in fyne.Do[AndWait] ***
2025/05/29 16:30:25   From: C:/Users/VallfIK/Documents/GitHub/bazaotdx/internal/app/app.go:174
2025/05/29 16:30:26 *** Error in Fyne call thread, this should have been called in fyne.Do[AndWait] ***
2025/05/29 16:30:26   From: C:/Users/VallfIK/Documents/GitHub/bazaotdx/internal/app/app.go:174
2025/05/29 16:30:27 *** Error in Fyne call thread, this should have been called in fyne.Do[AndWait] ***
2025/05/29 16:30:27   From: C:/Users/VallfIK/Documents/GitHub/bazaotdx/internal/app/app.go:174
2025/05/29 16:30:28 *** Error in Fyne call thread, this should have been called in fyne.Do[AndWait] ***
2025/05/29 16:30:28   From: C:/Users/VallfIK/Documents/GitHub/bazaotdx/internal/app/app.go:174
2025/05/29 16:30:29 *** Error in Fyne call thread, this should have been called in fyne.Do[AndWait] ***
2025/05/29 16:30:29   From: C:/Users/VallfIK/Documents/GitHub/bazaotdx/internal/app/app.go:650
2025/05/29 16:30:29 *** Error in Fyne call thread, this should have been called in fyne.Do[AndWait] ***
2025/05/29 16:30:29   From: C:/Users/VallfIK/Documents/GitHub/bazaotdx/internal/app/app.go:652
2025/05/29 16:30:29 *** Error in Fyne call thread, this should have been called in fyne.Do[AndWait] ***
2025/05/29 16:30:29   From: C:/Users/VallfIK/Documents/GitHub/bazaotdx/internal/app/app.go:174
2025/05/29 16:30:30 *** Error in Fyne call thread, this should have been called in fyne.Do[AndWait] ***
2025/05/29 16:30:30   From: C:/Users/VallfIK/Documents/GitHub/bazaotdx/internal/app/app.go:174
2025/05/29 16:30:31 *** Error in Fyne call thread, this should have been called in fyne.Do[AndWait] ***
2025/05/29 16:30:31   From: C:/Users/VallfIK/Documents/GitHub/bazaotdx/internal/app/app.go:650
2025/05/29 16:30:31 *** Error in Fyne call thread, this should have been called in fyne.Do[AndWait] ***
2025/05/29 16:30:31   From: C:/Users/VallfIK/Documents/GitHub/bazaotdx/internal/app/app.go:174
2025/05/29 16:30:32 *** Error in Fyne call thread, this should have been called in fyne.Do[AndWait] ***
2025/05/29 16:30:32   From: C:/Users/VallfIK/Documents/GitHub/bazaotdx/internal/app/app.go:174
2025/05/29 16:36:07 🌲 Запуск системы управления базой отдыха 'Звуки Леса'
2025/05/29 16:36:07 🛠️ Версия: 3.0 (Улучшенный дизайн)
2025/05/29 16:36:07 🎨 Тема: Природная (зеленые тона, золотые акценты, кремовый фон)
2025/05/29 16:36:07 🏞️ База отдыха: Звуки Леса
2025/05/29 16:36:07 🔍 Проверка директории images: C:\Users\VallfIK\Documents\GitHub\bazaotdx\images
2025/05/29 16:36:07 ✅ Файл найден: C:\Users\VallfIK\Documents\GitHub\bazaotdx\images\free.png
2025/05/29 16:36:07 ✅ Файл найден: C:\Users\VallfIK\Documents\GitHub\bazaotdx\images\booked.png
2025/05/29 16:36:07 ✅ Файл найден: C:\Users\VallfIK\Documents\GitHub\bazaotdx\images\bought.png
2025/05/29 16:36:07 ✅ Файл найден: C:\Users\VallfIK\Documents\GitHub\bazaotdx\images\freefirst.png
2025/05/29 16:36:07 ✅ Файл найден: C:\Users\VallfIK\Documents\GitHub\bazaotdx\images\bookedfirst.png
2025/05/29 16:36:07 ✅ Файл найден: C:\Users\VallfIK\Documents\GitHub\bazaotdx\images\boughtfirst.png
2025/05/29 16:36:07 ✅ Файл найден: C:\Users\VallfIK\Documents\GitHub\bazaotdx\images\bookedlast.png
2025/05/29 16:36:07 ✅ Файл найден: C:\Users\VallfIK\Documents\GitHub\bazaotdx\images\boughtlast.png
2025/05/29 16:36:07 ✅ Успешное подключение к БД
2025/05/29 16:36:07 🌲 Запуск системы управления 'Звуки Леса'...
2025/05/29 16:36:07 🎯 Особенности новой версии:
2025/05/29 16:36:07    • Фиксированные размеры окна (предотвращение расширения)
2025/05/29 16:36:07    • Улучшенная цветовая схема с природными оттенками
2025/05/29 16:36:07 🔄 Запуск фоновых задач для 'Звуки Леса'...
2025/05/29 16:36:07    • Обновленное название: 'Звуки Леса'
2025/05/29 16:36:07    • Эмоджи и улучшенная типографика
2025/05/29 16:36:07    • Градиентные эффекты и стилизованные карточки
2025/05/29 16:36:08 *** Error in Fyne call thread, this should have been called in fyne.Do[AndWait] ***
2025/05/29 16:36:08   From: C:/Users/VallfIK/Documents/GitHub/bazaotdx/internal/app/app.go:174
2025/05/29 16:36:09 *** Error in Fyne call thread, this should have been called in fyne.Do[AndWait] ***
2025/05/29 16:36:09   From: C:/Users/VallfIK/Documents/GitHub/bazaotdx/internal/app/app.go:174
2025/05/29 16:36:10 *** Error in Fyne call thread, this should have been called in fyne.Do[AndWait] ***
2025/05/29 16:36:10   From: C:/Users/VallfIK/Documents/GitHub/bazaotdx/internal/app/app.go:174
2025/05/29 16:36:11 *** Error in Fyne call thread, this should have been called in fyne.Do[AndWait] ***
2025/05/29 16:36:11   From: C:/Users/VallfIK/Documents/GitHub/bazaotdx/internal/app/app.go:174
2025/05/29 16:36:12 *** Error in Fyne call thread, this should have been called in fyne.Do[AndWait] ***
2025/05/29 16:36:12   From: C:/Users/VallfIK/Documents/GitHub/bazaotdx/internal/app/app.go:174
2025/05/29 16:36:13 *** Error in Fyne call thread, this should have been called in fyne.Do[AndWait] ***
2025/05/29 16:36:13   From: C:/Users/VallfIK/Documents/GitHub/bazaotdx/internal/app/app.go:174
2025/05/29 16:36:14 *** Error in Fyne call thread, this should have been called in fyne.Do[AndWait] ***
2025/05/29 16:36:14   From: C:/Users/VallfIK/Documents/GitHub/bazaotdx/internal/app/app.go:174
2025/05/29 16:36:15 *** Error in Fyne call thread, this should have been called in fyne.Do[AndWait] ***
2025/05/29 16:36:15   From: C:/Users/VallfIK/Documents/GitHub/bazaotdx/internal/app/app.go:174
2025/05/29 16:36:16 *** Error in Fyne call thread, this should have been called in fyne.Do[AndWait] ***
2025/05/29 16:36:16   From: C:/Users/VallfIK/Documents/GitHub/bazaotdx/internal/app/app.go:174
2025/05/29 16:36:17 *** Error in Fyne call thread, this should have been called in fyne.Do[AndWait] ***
2025/05/29 16:36:17   From: C:/Users/VallfIK/Documents/GitHub/bazaotdx/internal/app/app.go:174
2025/05/29 16:36:18 *** Error in Fyne call thread, this should have been called in fyne.Do[AndWait] ***
2025/05/29 16:36:18   From: C:/Users/VallfIK/Documents/GitHub/bazaotdx/internal/app/app.go:174
2025/05/29 16:36:19 *** Error in Fyne call thread, this should have been called in fyne.Do[AndWait] ***
2025/05/29 16:36:19   From: C:/Users/VallfIK/Documents/GitHub/bazaotdx/internal/app/app.go:174
2025/05/29 16:36:20 *** Error in Fyne call thread, this should have been called in fyne.Do[AndWait] ***
2025/05/29 16:36:20   From: C:/Users/VallfIK/Documents/GitHub/bazaotdx/internal/app/app.go:174
2025/05/29 16:36:21 *** Error in Fyne call thread, this should have been called in fyne.Do[AndWait] ***
2025/05/29 16:36:21   From: C:/Users/VallfIK/Documents/GitHub/bazaotdx/internal/app/app.go:174
2025/05/29 16:36:22 *** Error in Fyne call thread, this should have been called in fyne.Do[AndWait] ***
2025/05/29 16:36:22   From: C:/Users/VallfIK/Documents/GitHub/bazaotdx/internal/app/app.go:174
2025/05/29 16:36:23 *** Error in Fyne call thread, this should have been called in fyne.Do[AndWait] ***
2025/05/29 16:36:23   From: C:/Users/VallfIK/Documents/GitHub/bazaotdx/internal/app/app.go:174
2025/05/29 16:36:24 *** Error in Fyne call thread, this should have been called in fyne.Do[AndWait] ***
2025/05/29 16:36:24   From: C:/Users/VallfIK/Documents/GitHub/bazaotdx/internal/app/app.go:174
2025/05/29 16:36:25 *** Error in Fyne call thread, this should have been called in fyne.Do[AndWait] ***
2025/05/29 16:36:25   From: C:/Users/VallfIK/Documents/GitHub/bazaotdx/internal/app/app.go:174
2025/05/29 16:36:26 *** Error in Fyne call thread, this should have been called in fyne.Do[AndWait] ***
2025/05/29 16:36:26   From: C:/Users/VallfIK/Documents/GitHub/bazaotdx/internal/app/app.go:174
2025/05/29 16:36:27 *** Error in Fyne call thread, this should have been called in fyne.Do[AndWait] ***
2025/05/29 16:36:27   From: C:/Users/VallfIK/Documents/GitHub/bazaotdx/internal/app/app.go:174
2025/05/29 16:36:28 *** Error in Fyne call thread, this should have been called in fyne.Do[AndWait] ***
2025/05/29 16:36:28   From: C:/Users/VallfIK/Documents/GitHub/bazaotdx/internal/app/app.go:174
2025/05/29 16:36:29 *** Error in Fyne call thread, this should have been called in fyne.Do[AndWait] ***
2025/05/29 16:36:29   From: C:/Users/VallfIK/Documents/GitHub/bazaotdx/internal/app/app.go:174
2025/05/29 16:36:30 *** Error in Fyne call thread, this should have been called in fyne.Do[AndWait] ***
2025/05/29 16:36:30   From: C:/Users/VallfIK/Documents/GitHub/bazaotdx/internal/app/app.go:174
2025/05/29 16:36:31 *** Error in Fyne call thread, this should have been called in fyne.Do[AndWait] ***
2025/05/29 16:36:31   From: C:/Users/VallfIK/Documents/GitHub/bazaotdx/internal/app/app.go:174
2025/05/29 16:36:32 *** Error in Fyne call thread, this should have been called in fyne.Do[AndWait] ***
2025/05/29 16:36:32   From: C:/Users/VallfIK/Documents/GitHub/bazaotdx/internal/app/app.go:174
2025/05/29 16:36:33 *** Error in Fyne call thread, this should have been called in fyne.Do[AndWait] ***
2025/05/29 16:36:33   From: C:/Users/VallfIK/Documents/GitHub/bazaotdx/internal/app/app.go:174
2025/05/29 16:36:34 *** Error in Fyne call thread, this should have been called in fyne.Do[AndWait] ***
2025/05/29 16:36:34   From: C:/Users/VallfIK/Documents/GitHub/bazaotdx/internal/app/app.go:174
2025/05/29 16:36:35 *** Error in Fyne call thread, this should have been called in fyne.Do[AndWait] ***
2025/05/29 16:36:35   From: C:/Users/VallfIK/Documents/GitHub/bazaotdx/internal/app/app.go:174
2025/05/29 16:36:36 *** Error in Fyne call thread, this should have been called in fyne.Do[AndWait] ***
2025/05/29 16:36:36   From: C:/Users/VallfIK/Documents/GitHub/bazaotdx/internal/app/app.go:174
